2018-04-04 15:37:45.081 [Thread-1]  INFO  by.zhuk.buber.signuppool.SingUpPoolCleaner in run- Clear sing up pool
2018-04-04 15:37:50.116 [Thread-1]  INFO  by.zhuk.buber.signuppool.SingUpPoolCleaner in run- Clear sing up pool
2018-04-04 15:37:55.118 [Thread-1]  INFO  by.zhuk.buber.signuppool.SingUpPoolCleaner in run- Clear sing up pool
2018-04-04 15:38:00.119 [Thread-1]  INFO  by.zhuk.buber.signuppool.SingUpPoolCleaner in run- Clear sing up pool
2018-04-04 15:41:45.023 [Thread-1]  INFO  by.zhuk.buber.signuppool.SingUpPoolCleaner in run- Clear sing up pool
2018-04-04 15:41:45.064 [Thread-2]  ERROR by.zhuk.buber.signuppool.SingUpPoolCleaner in run- Catching
java.lang.InterruptedException: sleep interrupted
	at java.lang.Thread.sleep(Native Method) ~[?:1.8.0_162]
	at java.lang.Thread.sleep(Thread.java:340) ~[?:1.8.0_162]
	at java.util.concurrent.TimeUnit.sleep(TimeUnit.java:386) ~[?:1.8.0_162]
	at by.zhuk.buber.signuppool.SingUpPoolCleaner.run(SingUpPoolCleaner.java:20) [classes/:?]
	at java.lang.Thread.run(Thread.java:748) [?:1.8.0_162]
2018-04-04 15:43:03.273 [Thread-1]  INFO  by.zhuk.buber.signuppool.SingUpPoolCleaner in run- Clear sing up pool
2018-04-04 15:46:42.133 [Thread-1]  INFO  by.zhuk.buber.signuppool.SingUpPoolCleaner in run- Clear sing up pool
2018-04-04 15:49:41.423 [Thread-1]  INFO  by.zhuk.buber.signuppool.SingUpPoolCleaner in run- Clear sing up pool
2018-04-04 15:49:46.450 [Thread-1]  INFO  by.zhuk.buber.signuppool.SingUpPoolCleaner in run- Clear sing up pool
2018-04-04 15:49:51.452 [Thread-1]  INFO  by.zhuk.buber.signuppool.SingUpPoolCleaner in run- Clear sing up pool
2018-04-04 15:49:56.454 [Thread-1]  INFO  by.zhuk.buber.signuppool.SingUpPoolCleaner in run- Clear sing up pool
2018-04-04 15:50:01.456 [Thread-1]  INFO  by.zhuk.buber.signuppool.SingUpPoolCleaner in run- Clear sing up pool
2018-04-04 15:50:06.458 [Thread-1]  INFO  by.zhuk.buber.signuppool.SingUpPoolCleaner in run- Clear sing up pool
2018-04-04 15:50:11.459 [Thread-1]  INFO  by.zhuk.buber.signuppool.SingUpPoolCleaner in run- Clear sing up pool
2018-04-04 15:50:16.461 [Thread-1]  INFO  by.zhuk.buber.signuppool.SingUpPoolCleaner in run- Clear sing up pool
2018-04-04 15:50:21.464 [Thread-1]  INFO  by.zhuk.buber.signuppool.SingUpPoolCleaner in run- Clear sing up pool
2018-04-04 15:50:26.466 [Thread-1]  INFO  by.zhuk.buber.signuppool.SingUpPoolCleaner in run- Clear sing up pool
2018-04-04 15:50:31.467 [Thread-1]  INFO  by.zhuk.buber.signuppool.SingUpPoolCleaner in run- Clear sing up pool
2018-04-04 15:50:36.469 [Thread-1]  INFO  by.zhuk.buber.signuppool.SingUpPoolCleaner in run- Clear sing up pool
2018-04-04 15:50:41.471 [Thread-1]  INFO  by.zhuk.buber.signuppool.SingUpPoolCleaner in run- Clear sing up pool
2018-04-04 15:50:46.473 [Thread-1]  INFO  by.zhuk.buber.signuppool.SingUpPoolCleaner in run- Clear sing up pool
2018-04-04 15:52:22.423 [Thread-1]  INFO  by.zhuk.buber.signuppool.SingUpPoolCleaner in run- Clear sing up pool
2018-04-04 15:52:27.459 [Thread-1]  INFO  by.zhuk.buber.signuppool.SingUpPoolCleaner in run- Clear sing up pool
2018-04-04 15:52:32.461 [Thread-1]  INFO  by.zhuk.buber.signuppool.SingUpPoolCleaner in run- Clear sing up pool
2018-04-04 15:52:37.466 [Thread-1]  INFO  by.zhuk.buber.signuppool.SingUpPoolCleaner in run- Clear sing up pool
2018-04-04 15:52:42.469 [Thread-1]  INFO  by.zhuk.buber.signuppool.SingUpPoolCleaner in run- Clear sing up pool
2018-04-04 15:52:47.473 [Thread-1]  INFO  by.zhuk.buber.signuppool.SingUpPoolCleaner in run- Clear sing up pool
2018-04-04 15:52:52.474 [Thread-1]  INFO  by.zhuk.buber.signuppool.SingUpPoolCleaner in run- Clear sing up pool
2018-04-04 15:52:57.478 [Thread-1]  INFO  by.zhuk.buber.signuppool.SingUpPoolCleaner in run- Clear sing up pool
2018-04-04 15:53:02.480 [Thread-1]  INFO  by.zhuk.buber.signuppool.SingUpPoolCleaner in run- Clear sing up pool
2018-04-04 15:53:07.481 [Thread-1]  INFO  by.zhuk.buber.signuppool.SingUpPoolCleaner in run- Clear sing up pool
2018-04-04 15:53:12.183 [Thread-1]  INFO  by.zhuk.buber.signuppool.SingUpPoolCleaner in run- Clear sing up pool
2018-04-04 15:54:31.477 [Thread-1]  INFO  by.zhuk.buber.signuppool.SingUpPoolCleaner in run- Clear sing up pool
2018-04-04 15:54:36.505 [Thread-1]  INFO  by.zhuk.buber.signuppool.SingUpPoolCleaner in run- Clear sing up pool
2018-04-04 15:54:41.507 [Thread-1]  INFO  by.zhuk.buber.signuppool.SingUpPoolCleaner in run- Clear sing up pool
